<?xml version="1.0" encoding="UTF-8"?>
<testng-results ignored="0" total="2" passed="2" failed="0" skipped="0">
  <reporter-output>
  </reporter-output>
  <suite started-at="2023-01-06T16:12:46 IST" name="Default suite" finished-at="2023-01-06T16:12:46 IST" duration-ms="48">
    <groups>
    </groups>
    <test started-at="2023-01-06T16:12:46 IST" name="Default test" finished-at="2023-01-06T16:12:46 IST" duration-ms="48">
      <class name="basicTestScript.demoTestscript">
        <test-method is-config="true" signature="bcConfig()[pri:0, instance:basicTestScript.demoTestscript@5f9b2141]" started-at="2023-01-06T16:12:46 IST" name="bcConfig" finished-at="2023-01-06T16:12:46 IST" duration-ms="5" status="PASS">
          <reporter-output>
          </reporter-output>
        </test-method> <!-- bcConfig -->
        <test-method is-config="true" signature="bbConfig()[pri:0, instance:basicTestScript.demoTestscript@5f9b2141]" started-at="2023-01-06T16:12:46 IST" name="bbConfig" finished-at="2023-01-06T16:12:46 IST" duration-ms="0" status="PASS">
          <reporter-output>
          </reporter-output>
        </test-method> <!-- bbConfig -->
        <test-method is-config="true" signature="btrConfig()[pri:0, instance:basicTestScript.demoTestscript@5f9b2141]" started-at="2023-01-06T16:12:46 IST" name="btrConfig" finished-at="2023-01-06T16:12:46 IST" duration-ms="0" status="PASS">
          <reporter-output>
          </reporter-output>
        </test-method> <!-- btrConfig -->
        <test-method signature="verifyLogin()[pri:1, instance:basicTestScript.demoTestscript@5f9b2141]" started-at="2023-01-06T16:12:46 IST" name="verifyLogin" finished-at="2023-01-06T16:12:46 IST" duration-ms="9" status="PASS">
          <reporter-output>
          </reporter-output>
        </test-method> <!-- verifyLogin -->
        <test-method is-config="true" signature="btConfig()[pri:0, instance:basicTestScript.demoTestscript@5f9b2141]" started-at="2023-01-06T16:12:46 IST" name="btConfig" finished-at="2023-01-06T16:12:46 IST" duration-ms="1" status="PASS">
          <reporter-output>
          </reporter-output>
        </test-method> <!-- btConfig -->
        <test-method is-config="true" signature="btrConfig()[pri:0, instance:basicTestScript.demoTestscript@5f9b2141]" started-at="2023-01-06T16:12:46 IST" name="btrConfig" finished-at="2023-01-06T16:12:46 IST" duration-ms="2" status="PASS">
          <reporter-output>
          </reporter-output>
        </test-method> <!-- btrConfig -->
        <test-method signature="verifyCreateUser()[pri:2, instance:basicTestScript.demoTestscript@5f9b2141]" started-at="2023-01-06T16:12:46 IST" name="verifyCreateUser" finished-at="2023-01-06T16:12:46 IST" duration-ms="0" status="PASS">
          <reporter-output>
          </reporter-output>
        </test-method> <!-- verifyCreateUser -->
        <test-method is-config="true" signature="btConfig()[pri:0, instance:basicTestScript.demoTestscript@5f9b2141]" started-at="2023-01-06T16:12:46 IST" name="btConfig" finished-at="2023-01-06T16:12:46 IST" duration-ms="0" status="PASS">
          <reporter-output>
          </reporter-output>
        </test-method> <!-- btConfig -->
        <test-method is-config="true" signature="abfConfig()[pri:0, instance:basicTestScript.demoTestscript@5f9b2141]" started-at="2023-01-06T16:12:46 IST" name="abfConfig" finished-at="2023-01-06T16:12:46 IST" duration-ms="0" status="PASS">
          <reporter-output>
          </reporter-output>
        </test-method> <!-- abfConfig -->
        <test-method is-config="true" signature="urConfig()[pri:0, instance:basicTestScript.demoTestscript@5f9b2141]" started-at="2023-01-06T16:12:46 IST" name="urConfig" finished-at="2023-01-06T16:12:46 IST" duration-ms="0" status="PASS">
          <reporter-output>
          </reporter-output>
        </test-method> <!-- urConfig -->
      </class> <!-- basicTestScript.demoTestscript -->
    </test> <!-- Default test -->
  </suite> <!-- Default suite -->
</testng-results>
