<?xml version="1.0" encoding="UTF-8"?>
<!-- Generated by org.testng.reporters.JUnitXMLReporter -->
<testsuite ignored="3" hostname="LAPTOP-9FCHPSN3" failures="0" tests="3" name="Test" time="0.052" errors="0" timestamp="2023-01-05T14:32:24 IST">
  <testcase classname="testng.groupby" name="addtocart" time="0.007"/>
  <testcase classname="testng.groupby" name="login" time="0.001"/>
  <testcase classname="testng.groupby" name="logout" time="0.003"/>
  <testcase classname="testng.groupby" name="payment" time="0.0">
    <ignored/>
  </testcase> <!-- payment -->
  <testcase classname="testng.groupby" name="select" time="0.0">
    <ignored/>
  </testcase> <!-- select -->
  <testcase classname="testng.groupby" name="search" time="0.0">
    <ignored/>
  </testcase> <!-- search -->
</testsuite> <!-- Test -->
